[2020-07-13T12:09:03.333] [DEBUG] cheese - login => username:admin,password:123456
[2020-07-13T12:09:03.334] [DEBUG] cheese - admin
[2020-07-13T12:09:03.347] [DEBUG] cheese - null
[2020-07-13T12:09:03.348] [DEBUG] cheese - null
[2020-07-15T13:35:51.769] [DEBUG] cheese - login => username:admin,password:123456
[2020-07-15T13:35:51.771] [DEBUG] cheese - admin
[2020-07-15T13:35:51.788] [DEBUG] cheese - null
[2020-07-15T13:35:51.788] [DEBUG] cheese - null
[2020-07-15T13:36:12.290] [DEBUG] cheese - login => username:admin,password:123456
[2020-07-15T13:36:12.290] [DEBUG] cheese - admin
[2020-07-15T13:36:12.292] [DEBUG] cheese - null
[2020-07-15T13:36:12.293] [DEBUG] cheese - null
[2020-07-15T14:56:48.308] [DEBUG] cheese - login => username:admin,password:123456
[2020-07-15T14:56:48.308] [DEBUG] cheese - admin
[2020-07-15T14:56:48.311] [DEBUG] cheese - null
[2020-07-15T14:56:48.311] [DEBUG] cheese - null
[2020-07-15T14:57:02.271] [DEBUG] cheese - login => username:admin,password:123456
[2020-07-15T14:57:02.271] [DEBUG] cheese - admin
[2020-07-15T14:57:02.273] [DEBUG] cheese - null
[2020-07-15T14:57:02.274] [DEBUG] cheese - null
[2020-07-15T14:57:04.798] [DEBUG] cheese - login => username:admin,password:123456
[2020-07-15T14:57:04.798] [DEBUG] cheese - admin
[2020-07-15T14:57:04.801] [DEBUG] cheese - null
[2020-07-15T14:57:04.801] [DEBUG] cheese - null
[2020-07-15T16:09:19.962] [DEBUG] cheese - login => username:admin,password:123456
[2020-07-15T16:09:19.962] [DEBUG] cheese - admin
[2020-07-15T16:09:19.966] [DEBUG] cheese - null
[2020-07-15T16:09:19.966] [DEBUG] cheese - null
[2020-07-15T16:09:41.750] [DEBUG] cheese - login => username:admin,password:123456
[2020-07-15T16:09:41.750] [DEBUG] cheese - admin
[2020-07-15T16:09:41.753] [DEBUG] cheese - null
[2020-07-15T16:09:41.754] [DEBUG] cheese - null
[2020-07-15T16:09:47.463] [DEBUG] cheese - login => username:admin,password:123456
[2020-07-15T16:09:47.463] [DEBUG] cheese - admin
[2020-07-15T16:09:47.465] [DEBUG] cheese - null
[2020-07-15T16:09:47.466] [DEBUG] cheese - null
[2020-07-15T16:10:17.950] [DEBUG] cheese - login => username:admin,password:123456
[2020-07-15T16:10:17.950] [DEBUG] cheese - admin
[2020-07-15T16:10:17.952] [DEBUG] cheese - null
[2020-07-15T16:10:17.952] [DEBUG] cheese - null
[2020-07-16T08:54:17.985] [DEBUG] cheese - login => username:admin,password:123456
[2020-07-16T08:54:17.987] [DEBUG] cheese - admin
[2020-07-16T08:54:18.001] [DEBUG] cheese - null
[2020-07-16T08:54:18.001] [DEBUG] cheese - null
[2020-07-16T09:15:37.092] [DEBUG] cheese - login => username:admin,password:123456
[2020-07-16T09:15:37.094] [DEBUG] cheese - admin
[2020-07-16T09:15:37.097] [DEBUG] cheese - null
[2020-07-16T09:15:37.097] [DEBUG] cheese - null
[2020-07-16T09:16:43.305] [DEBUG] cheese - login => username:admin,password:123456
[2020-07-16T09:16:43.305] [DEBUG] cheese - admin
[2020-07-16T09:16:43.309] [DEBUG] cheese - null
[2020-07-16T09:16:43.309] [DEBUG] cheese - null
[2020-07-16T09:30:02.608] [DEBUG] cheese - login => username:admin,password:123456
[2020-07-16T09:30:02.609] [DEBUG] cheese - admin
[2020-07-16T09:30:02.611] [DEBUG] cheese - null
[2020-07-16T09:30:02.611] [DEBUG] cheese - null
[2020-07-16T09:30:26.279] [DEBUG] cheese - login => username:admin,password:123456
[2020-07-16T09:30:26.279] [DEBUG] cheese - admin
[2020-07-16T09:30:26.282] [DEBUG] cheese - null
[2020-07-16T09:30:26.282] [DEBUG] cheese - null
[2020-07-16T09:31:03.070] [DEBUG] cheese - login => username:admin,password:123456
[2020-07-16T09:31:03.070] [DEBUG] cheese - admin
[2020-07-16T09:31:03.073] [DEBUG] cheese - null
[2020-07-16T09:31:03.073] [DEBUG] cheese - null
[2020-07-16T09:31:09.646] [DEBUG] cheese - login => username:admin,password:123456
[2020-07-16T09:31:09.647] [DEBUG] cheese - admin
[2020-07-16T09:31:09.649] [DEBUG] cheese - null
[2020-07-16T09:31:09.649] [DEBUG] cheese - null
[2020-07-16T09:31:25.231] [DEBUG] cheese - login => username:admin,password:123456
[2020-07-16T09:31:25.231] [DEBUG] cheese - admin
[2020-07-16T09:31:25.235] [DEBUG] cheese - null
[2020-07-16T09:31:25.235] [DEBUG] cheese - null
[2020-07-16T09:31:45.396] [DEBUG] cheese - login => username:admin,password:123456
[2020-07-16T09:31:45.396] [DEBUG] cheese - admin
[2020-07-16T09:31:45.399] [DEBUG] cheese - null
[2020-07-16T09:31:45.399] [DEBUG] cheese - null
[2020-07-16T09:31:50.752] [DEBUG] cheese - login => username:admin,password:123456
[2020-07-16T09:31:50.752] [DEBUG] cheese - admin
[2020-07-16T09:31:50.754] [DEBUG] cheese - null
[2020-07-16T09:31:50.754] [DEBUG] cheese - null
[2020-07-16T09:32:26.210] [DEBUG] cheese - login => username:admin,password:123456
[2020-07-16T09:32:26.210] [DEBUG] cheese - admin
[2020-07-16T09:32:26.212] [DEBUG] cheese - null
[2020-07-16T09:32:26.212] [DEBUG] cheese - null
[2020-07-16T09:32:39.710] [DEBUG] cheese - login => username:admin,password:123456
[2020-07-16T09:32:39.710] [DEBUG] cheese - admin
[2020-07-16T09:32:39.712] [DEBUG] cheese - null
[2020-07-16T09:32:39.712] [DEBUG] cheese - null
[2020-07-16T09:32:58.255] [DEBUG] cheese - login => username:admin,password:123456
[2020-07-16T09:32:58.255] [DEBUG] cheese - admin
[2020-07-16T09:32:58.258] [DEBUG] cheese - null
[2020-07-16T09:32:58.258] [DEBUG] cheese - null
[2020-07-16T09:33:10.739] [DEBUG] cheese - login => username:admin,password:123456
[2020-07-16T09:33:10.739] [DEBUG] cheese - admin
[2020-07-16T09:33:10.746] [DEBUG] cheese - null
[2020-07-16T09:33:10.746] [DEBUG] cheese - null
[2020-07-16T17:04:33.296] [DEBUG] cheese - login => username:admin,password:123456
[2020-07-16T17:04:33.300] [DEBUG] cheese - admin
[2020-07-16T17:04:33.310] [DEBUG] cheese - null
[2020-07-16T17:04:33.311] [DEBUG] cheese - null
[2020-07-27T14:31:43.858] [DEBUG] cheese - login => username:admin,password:123456
[2020-07-27T14:31:43.861] [DEBUG] cheese - admin
[2020-07-27T14:31:43.878] [DEBUG] cheese - null
[2020-07-27T14:31:43.879] [DEBUG] cheese - null
[2020-07-28T15:19:32.361] [DEBUG] cheese - login => username:admin,password:123456
[2020-07-28T15:19:32.363] [DEBUG] cheese - admin
[2020-07-28T15:19:32.374] [DEBUG] cheese - null
[2020-07-28T15:19:32.375] [DEBUG] cheese - null
[2020-08-03T09:31:43.697] [DEBUG] cheese - login => username:admin,password:123456
[2020-08-03T09:31:43.699] [DEBUG] cheese - admin
[2020-08-03T09:31:43.795] [DEBUG] cheese - null
[2020-08-03T09:31:43.796] [DEBUG] cheese - null
[2020-08-03T09:35:08.264] [DEBUG] cheese - login => username:admin,password:123456
[2020-08-03T09:35:08.264] [DEBUG] cheese - admin
[2020-08-03T09:35:08.272] [DEBUG] cheese - null
[2020-08-03T09:35:08.272] [DEBUG] cheese - null
[2020-08-21T14:24:42.356] [DEBUG] cheese - login => username:admin,password:123456
[2020-08-21T14:24:42.358] [DEBUG] cheese - admin
[2020-08-21T14:24:42.376] [DEBUG] cheese - null
[2020-08-21T14:24:42.376] [DEBUG] cheese - null
[2020-08-26T09:17:08.048] [DEBUG] cheese - login => username:admin,password:123456
[2020-08-26T09:17:08.049] [DEBUG] cheese - admin
[2020-08-26T09:17:08.066] [DEBUG] cheese - null
[2020-08-26T09:17:08.067] [DEBUG] cheese - null
[2020-08-31T11:23:42.166] [DEBUG] cheese - login => username:admin,password:123456
[2020-08-31T11:23:42.168] [DEBUG] cheese - admin
[2020-08-31T11:23:42.230] [DEBUG] cheese - null
[2020-08-31T11:25:06.528] [DEBUG] cheese - login => username:admin,password:123456
[2020-08-31T11:25:06.530] [DEBUG] cheese - admin
[2020-08-31T11:25:06.542] [DEBUG] cheese - null
[2020-08-31T11:25:06.542] [DEBUG] cheese - null
[2020-08-31T11:38:18.051] [DEBUG] cheese - login => username:admin,password:123456
[2020-08-31T11:38:18.051] [DEBUG] cheese - admin
[2020-08-31T11:38:18.057] [DEBUG] cheese - null
[2020-08-31T11:38:18.057] [DEBUG] cheese - null
[2020-08-31T11:39:57.955] [DEBUG] cheese - login => username:admin,password:123456
[2020-08-31T11:39:57.956] [DEBUG] cheese - admin
[2020-08-31T11:39:57.958] [DEBUG] cheese - null
[2020-08-31T11:39:57.958] [DEBUG] cheese - null
[2020-08-31T11:40:01.964] [DEBUG] cheese - login => username:admin,password:123456
[2020-08-31T11:40:01.964] [DEBUG] cheese - admin
[2020-08-31T11:40:01.966] [DEBUG] cheese - null
[2020-08-31T11:40:01.967] [DEBUG] cheese - null
[2020-08-31T11:41:25.528] [DEBUG] cheese - login => username:admin,password:123456
[2020-08-31T11:41:25.528] [DEBUG] cheese - admin
[2020-08-31T11:41:25.531] [DEBUG] cheese - null
[2020-08-31T11:41:25.531] [DEBUG] cheese - null
[2020-08-31T11:42:08.346] [DEBUG] cheese - login => username:admin,password:123854
[2020-08-31T11:42:08.347] [DEBUG] cheese - admin
[2020-08-31T11:42:08.349] [DEBUG] cheese - null
[2020-08-31T11:42:08.350] [DEBUG] cheese - null
[2020-08-31T11:42:13.830] [DEBUG] cheese - login => username:admin,password:123456
[2020-08-31T11:42:13.830] [DEBUG] cheese - admin
[2020-08-31T11:42:13.833] [DEBUG] cheese - null
[2020-08-31T11:42:13.833] [DEBUG] cheese - null
[2020-08-31T12:22:38.209] [DEBUG] cheese - login => username:admin,password:123456
[2020-08-31T12:22:38.209] [DEBUG] cheese - admin
[2020-08-31T12:22:38.216] [DEBUG] cheese - null
[2020-08-31T12:22:38.216] [DEBUG] cheese - null
[2020-08-31T12:27:02.519] [DEBUG] cheese - login => username:admin,password:123456
[2020-08-31T12:27:02.519] [DEBUG] cheese - admin
[2020-08-31T12:27:02.525] [DEBUG] cheese - null
[2020-08-31T12:27:02.525] [DEBUG] cheese - null
[2020-08-31T12:33:44.069] [DEBUG] cheese - login => username:admin,password:123456
[2020-08-31T12:33:44.069] [DEBUG] cheese - admin
[2020-08-31T12:33:44.074] [DEBUG] cheese - null
[2020-08-31T12:33:44.075] [DEBUG] cheese - null
[2020-09-01T13:12:15.976] [DEBUG] cheese - login => username:admin,password:123456
[2020-09-01T13:12:15.978] [DEBUG] cheese - admin
[2020-09-01T13:12:17.987] [DEBUG] cheese - { inspect: [Function: inspect] }
[2020-09-01T13:12:17.989] [DEBUG] cheese - 查询失败
[2020-09-01T13:12:24.706] [DEBUG] cheese - login => username:admin,password:123456
[2020-09-01T13:12:24.706] [DEBUG] cheese - admin
[2020-09-01T13:12:26.712] [DEBUG] cheese - { inspect: [Function: inspect] }
[2020-09-01T13:12:26.712] [DEBUG] cheese - 查询失败
[2020-09-01T13:12:39.487] [DEBUG] cheese - login => username:admin,password:123456
[2020-09-01T13:12:39.487] [DEBUG] cheese - admin
[2020-09-01T13:12:41.492] [DEBUG] cheese - { inspect: [Function: inspect] }
[2020-09-01T13:12:41.492] [DEBUG] cheese - 查询失败
[2020-09-01T13:13:26.785] [DEBUG] cheese - login => username:admin,password:123456
[2020-09-01T13:13:26.785] [DEBUG] cheese - admin
[2020-09-01T13:13:28.790] [DEBUG] cheese - { inspect: [Function: inspect] }
[2020-09-01T13:13:28.791] [DEBUG] cheese - 查询失败
[2020-09-01T13:13:43.733] [DEBUG] cheese - login => username:admin,password:123456
[2020-09-01T13:13:43.733] [DEBUG] cheese - admin
[2020-09-01T13:13:43.761] [DEBUG] cheese - null
[2020-09-01T13:13:43.761] [DEBUG] cheese - null
[2020-09-01T13:41:14.566] [DEBUG] cheese - login => username:admin,password:123456
[2020-09-01T13:41:14.566] [DEBUG] cheese - admin
[2020-09-01T13:41:14.570] [DEBUG] cheese - null
[2020-09-01T13:41:14.570] [DEBUG] cheese - null
[2020-09-01T14:21:39.987] [DEBUG] cheese - login => username:admin,password:123456
[2020-09-01T14:21:39.987] [DEBUG] cheese - admin
[2020-09-01T14:21:39.991] [DEBUG] cheese - null
[2020-09-01T14:21:39.991] [DEBUG] cheese - null
[2020-09-03T15:49:40.734] [DEBUG] cheese - login => username:admin,password:123456
[2020-09-03T15:49:40.735] [DEBUG] cheese - admin
[2020-09-03T15:49:40.769] [DEBUG] cheese - null
[2020-09-03T15:49:40.769] [DEBUG] cheese - null
[2020-09-03T15:50:54.334] [DEBUG] cheese - login => username:admin,password:123456
[2020-09-03T15:50:54.334] [DEBUG] cheese - admin
[2020-09-03T15:50:54.337] [DEBUG] cheese - null
[2020-09-03T15:50:54.338] [DEBUG] cheese - null
